<?xml version="1.0" encoding="UTF-8"?>
<!-- Generated by org.testng.reporters.JUnitReportReporter -->
<testsuite hostname="WKWZTEmSDVRzPVP" failures="0" tests="1" name="day3.HandleDynamicElement2" time="21.020" errors="0" timestamp="2022-11-22T19:09:01 IST" skipped="0">
  <testcase classname="day3.HandleDynamicElement2" name="main" time="21.020"/>
  <system-out/>
</testsuite> <!-- day3.HandleDynamicElement2 -->
