<?xml version="1.0" encoding="UTF-8"?>
<!-- Generated by org.testng.reporters.JUnitReportReporter -->
<testsuite hostname="WKWZTEmSDVRzPVP" failures="0" tests="1" name="day3.Task6" time="18.431" errors="0" timestamp="2022-11-22T19:09:01 IST" skipped="0">
  <testcase classname="day3.Task6" name="main" time="18.431"/>
  <system-out/>
</testsuite> <!-- day3.Task6 -->
