<?xml version="1.0" encoding="UTF-8"?>
<!-- Generated by org.testng.reporters.JUnitReportReporter -->
<testsuite hostname="WKWZTEmSDVRzPVP" failures="0" tests="5" name="day5.SeleniumGrid1" time="53.136" errors="0" timestamp="2022-11-24T12:04:58 IST" skipped="0">
  <testcase classname="day5.SeleniumGrid1" name="ineuron" time="7.953"/>
  <system-out/>
  <testcase classname="day5.SeleniumGrid1" name="ineuron" time="9.100"/>
  <system-out/>
  <testcase classname="day5.SeleniumGrid1" name="ineuron" time="9.352"/>
  <system-out/>
  <testcase classname="day5.SeleniumGrid1" name="ineuron" time="11.742"/>
  <system-out/>
  <testcase classname="day5.SeleniumGrid1" name="ineuron" time="14.989"/>
  <system-out/>
</testsuite> <!-- day5.SeleniumGrid1 -->
