<?xml version="1.0" encoding="UTF-8"?>
<!-- Generated by org.testng.reporters.JUnitReportReporter -->
<testsuite hostname="WKWZTEmSDVRzPVP" failures="0" tests="1" name="day4.ReadingExcel" time="0.466" errors="0" timestamp="2022-11-23T12:00:02 IST" skipped="0">
  <testcase classname="day4.ReadingExcel" name="testData" time="0.466"/>
  <system-out/>
</testsuite> <!-- day4.ReadingExcel -->
