<?xml version="1.0" encoding="UTF-8"?>
<!-- Generated by org.testng.reporters.JUnitReportReporter -->
<testsuite hostname="WKWZTEmSDVRzPVP" failures="0" tests="1" name="day3.DateTask1" time="14.241" errors="0" timestamp="2022-11-22T19:09:01 IST" skipped="0">
  <testcase classname="day3.DateTask1" name="main" time="14.241"/>
  <system-out/>
</testsuite> <!-- day3.DateTask1 -->
