<?xml version="1.0" encoding="UTF-8"?>
<!-- Generated by org.testng.reporters.JUnitReportReporter -->
<testsuite hostname="WKWZTEmSDVRzPVP" failures="0" tests="1" name="day4.DDTExampleTask2" time="0.000" errors="0" timestamp="2022-11-23T22:48:45 IST" skipped="1">
  <testcase classname="day4.DDTExampleTask2" name="myTest" time="0.000">
    <skipped/>
  </testcase> <!-- myTest -->
  <system-out/>
</testsuite> <!-- day4.DDTExampleTask2 -->
