<?xml version="1.0" encoding="UTF-8"?>
<!-- Generated by org.testng.reporters.JUnitReportReporter -->
<testsuite hostname="WKWZTEmSDVRzPVP" failures="0" tests="1" name="day5.SeleniumGrid2" time="7.690" errors="0" timestamp="2022-11-24T10:23:39 IST" skipped="0">
  <testcase classname="day5.SeleniumGrid2" name="ineuron" time="7.690"/>
  <system-out/>
</testsuite> <!-- day5.SeleniumGrid2 -->
