<?xml version="1.0" encoding="UTF-8"?>
<!-- Generated by org.testng.reporters.JUnitReportReporter -->
<testsuite hostname="WKWZTEmSDVRzPVP" failures="0" tests="4" name="day3.LoginTest" time="23.135" errors="0" timestamp="2022-11-22T19:09:01 IST" skipped="0">
  <testcase classname="day3.LoginTest" name="noCredentials" time="3.758"/>
  <system-out/>
  <testcase classname="day3.LoginTest" name="validCredentials" time="10.458"/>
  <system-out/>
  <testcase classname="day3.LoginTest" name="onlyUsername" time="4.461"/>
  <system-out/>
  <testcase classname="day3.LoginTest" name="onlyPassword" time="4.458"/>
  <system-out/>
</testsuite> <!-- day3.LoginTest -->
