<?xml version="1.0" encoding="UTF-8"?>
<!-- Generated by org.testng.reporters.JUnitReportReporter -->
<testsuite hostname="WKWZTEmSDVRzPVP" failures="0" tests="4" name="day3.MyFisrtTestNGTest" time="0.000" errors="0" timestamp="2022-11-23T15:34:50 IST" skipped="0">
  <testcase classname="day3.MyFisrtTestNGTest" name="login" time="0.000"/>
  <system-out/>
  <testcase classname="day3.MyFisrtTestNGTest" name="logout" time="0.000"/>
  <system-out/>
  <testcase classname="day3.MyFisrtTestNGTest" name="delete" time="0.000"/>
  <system-out/>
  <testcase classname="day3.MyFisrtTestNGTest" name="created" time="0.000"/>
  <system-out/>
</testsuite> <!-- day3.MyFisrtTestNGTest -->
