<?xml version="1.0" encoding="UTF-8"?>
<!-- Generated by org.testng.reporters.JUnitReportReporter -->
<testsuite hostname="WKWZTEmSDVRzPVP" failures="0" tests="2" name="day3.AssertionDemo" time="0.000" errors="0" timestamp="2022-11-23T15:34:51 IST" skipped="0">
  <testcase classname="day3.AssertionDemo" name="login" time="0.000"/>
  <system-out/>
  <testcase classname="day3.AssertionDemo" name="creat" time="0.000"/>
  <system-out/>
</testsuite> <!-- day3.AssertionDemo -->
