<?xml version="1.0" encoding="UTF-8"?>
<!-- Generated by org.testng.reporters.JUnitReportReporter -->
<testsuite hostname="WKWZTEmSDVRzPVP" failures="0" tests="1" name="day3.MyFirstSeleniumScript" time="12.939" errors="0" timestamp="2022-11-23T15:34:51 IST" skipped="0">
  <testcase classname="day3.MyFirstSeleniumScript" name="main" time="12.939"/>
  <system-out/>
</testsuite> <!-- day3.MyFirstSeleniumScript -->
