<?xml version="1.0" encoding="UTF-8"?>
<!-- Generated by org.testng.reporters.JUnitReportReporter -->
<testsuite hostname="WKWZTEmSDVRzPVP" failures="0" tests="4" name="day3.LoginTest" time="35.642" errors="0" timestamp="2022-11-23T15:34:50 IST" skipped="0">
  <testcase classname="day3.LoginTest" name="noCredentials" time="6.264"/>
  <system-out/>
  <testcase classname="day3.LoginTest" name="validCredentials" time="9.833"/>
  <system-out/>
  <testcase classname="day3.LoginTest" name="onlyUsername" time="13.867"/>
  <system-out/>
  <testcase classname="day3.LoginTest" name="onlyPassword" time="5.678"/>
  <system-out/>
</testsuite> <!-- day3.LoginTest -->
