<?xml version="1.0" encoding="UTF-8"?>
<!-- Generated by org.testng.reporters.JUnitReportReporter -->
<testsuite hostname="WKWZTEmSDVRzPVP" failures="0" tests="1" name="day3.MyFirstSeleniumScript2" time="10.325" errors="0" timestamp="2022-11-23T15:34:50 IST" skipped="0">
  <testcase classname="day3.MyFirstSeleniumScript2" name="main" time="10.325"/>
  <system-out/>
</testsuite> <!-- day3.MyFirstSeleniumScript2 -->
