<?xml version="1.0" encoding="UTF-8"?>
<!-- Generated by org.testng.reporters.JUnitReportReporter -->
<testsuite hostname="WKWZTEmSDVRzPVP" failures="0" tests="1" name="day3.DateTask2" time="17.992" errors="0" timestamp="2022-11-23T15:34:51 IST" skipped="0">
  <testcase classname="day3.DateTask2" name="main" time="17.992"/>
  <system-out/>
</testsuite> <!-- day3.DateTask2 -->
